<?xml version="1.0" encoding="UTF-8"?>
<!-- Generated by org.testng.reporters.JUnitReportReporter -->
<testsuite hostname="LAPTOP-NIPUNI" failures="0" tests="2" name="chathuri.buddhi.HomePageTest" time="40.373" errors="0" timestamp="2020-06-08T16:26:37 IST" skipped="0">
  <testcase classname="chathuri.buddhi.HomePageTest" name="SearchAllCategories" time="20.569"/>
  <system-out/>
  <testcase classname="chathuri.buddhi.HomePageTest" name="SearchLogo" time="19.804"/>
  <system-out/>
</testsuite> <!-- chathuri.buddhi.HomePageTest -->
