<?xml version="1.0" encoding="UTF-8"?>
<!-- Generated by org.testng.reporters.JUnitReportReporter -->
<testsuite hostname="LAPTOP-NIPUNI" failures="0" tests="1" name="chathuri.buddhi.MenuBarTest" time="19.437" errors="0" timestamp="2020-06-08T16:24:20 IST" skipped="0">
  <testcase classname="chathuri.buddhi.MenuBarTest" name="SearchMenuBar" time="19.437"/>
  <system-out/>
</testsuite> <!-- chathuri.buddhi.MenuBarTest -->
