<?xml version="1.0" encoding="UTF-8"?>
<!-- Generated by org.testng.reporters.JUnitReportReporter -->
<testsuite hostname="LAPTOP-NIPUNI" failures="0" tests="1" name="chathuri.buddhi.MenuBar" time="12.192" errors="0" timestamp="2020-06-08T13:19:49 IST" skipped="0">
  <testcase classname="chathuri.buddhi.MenuBar" name="SearchMenuBar" time="12.192"/>
  <system-out/>
</testsuite> <!-- chathuri.buddhi.MenuBar -->
