<?xml version="1.0" encoding="UTF-8"?>
<!-- Generated by org.testng.reporters.JUnitReportReporter -->
<testsuite hostname="LAPTOP-NIPUNI" failures="0" tests="2" name="chathuri.buddhi.HomePage" time="36.215" errors="0" timestamp="2020-06-08T12:43:17 IST" skipped="0">
  <testcase classname="chathuri.buddhi.HomePage" name="SearchLogo" time="12.002"/>
  <system-out/>
  <testcase classname="chathuri.buddhi.HomePage" name="SearchAllCategories" time="24.213"/>
  <system-out/>
</testsuite> <!-- chathuri.buddhi.HomePage -->
