<?xml version="1.0" encoding="UTF-8"?>
<!-- Generated by org.testng.reporters.JUnitReportReporter -->
<testsuite skipped="0" hostname="CHATHURI" name="chathuri.buddhi.DataProvider" tests="1" failures="0" timestamp="2020-06-10T12:31:21 IST" time="0.016" errors="0">
  <testcase name="f" time="0.016" classname="chathuri.buddhi.DataProvider"/>
  <system-out/>
</testsuite> <!-- chathuri.buddhi.DataProvider -->
